<?xml version="1.0" encoding="UTF-8"?>
<testsuite xmlns:xsi="http://www.w3.org/2001/XMLSchema-instance" xsi:noNamespaceSchemaLocation="https://maven.apache.org/surefire/maven-surefire-plugin/xsd/surefire-test-report-3.0.xsd" version="3.0" name="com.kintai.controller.AttendanceReportControllerTest" time="0.116" tests="6" errors="0" skipped="0" failures="0">
  <properties>
[...]
</properties>
  <testcase name="generateAttendanceReport_異常系_従業員が存在しない場合" classname="com.kintai.controller.AttendanceReportControllerTest" time="0.005">
    <system-out><![CDATA[2025-09-18T21:26:14.005+09:00  INFO 23631 --- [kintai] [           main] t.c.s.AnnotationConfigContextLoaderUtils : Could not detect default configuration classes for test class [com.kintai.controller.AttendanceReportControllerTest]: AttendanceReportControllerTest does not declare any static, non-private, non-final, nested classes annotated with @Configuration.
2025-09-18T21:26:14.007+09:00  INFO 23631 --- [kintai] [           main] .b.t.c.SpringBootTestContextBootstrapper : Found @SpringBootConfiguration com.kintai.KintaiApplication for test class com.kintai.controller.AttendanceReportControllerTest

  .   ____          _            __ _ _
 /\\ / ___'_ __ _ _(_)_ __  __ _ \ \ \ \
( ( )\___ | '_ | '_| | '_ \/ _` | \ \ \ \
 \\/  ___)| |_)| | | | | || (_| |  ) ) ) )
  '  |____| .__|_| |_|_| |_\__, | / / / /
 =========|_|==============|___/=/_/_/_/
 :: Spring Boot ::                (v3.2.0)

2025-09-18T21:26:14.015+09:00  INFO 23631 --- [kintai] [           main] c.k.c.AttendanceReportControllerTest     : Starting AttendanceReportControllerTest using Java 17.0.16 with PID 23631 (started by keigofujita in /Users/keigofujita/kintai)
2025-09-18T21:26:14.015+09:00 DEBUG 23631 --- [kintai] [           main] c.k.c.AttendanceReportControllerTest     : Running with Spring Boot v3.2.0, Spring v6.1.1
2025-09-18T21:26:14.015+09:00  INFO 23631 --- [kintai] [           main] c.k.c.AttendanceReportControllerTest     : No active profile set, falling back to 1 default profile: "default"
2025-09-18T21:26:14.015+09:00 DEBUG 23631 --- [kintai] [           main] o.s.w.c.s.GenericWebApplicationContext   : Refreshing org.springframework.web.context.support.GenericWebApplicationContext@62ce5261
2025-09-18T21:26:14.073+09:00  INFO 23631 --- [kintai] [           main] o.s.b.a.w.s.WelcomePageHandlerMapping    : Adding welcome page: class path resource [static/index.html]
2025-09-18T21:26:14.076+09:00 DEBUG 23631 --- [kintai] [           main] s.w.s.m.m.a.RequestMappingHandlerMapping : 3 mappings in 'requestMappingHandlerMapping'
2025-09-18T21:26:14.083+09:00 DEBUG 23631 --- [kintai] [           main] o.s.w.s.handler.SimpleUrlHandlerMapping  : Patterns [/webjars/**, /**] in 'resourceHandlerMapping'
2025-09-18T21:26:14.085+09:00 DEBUG 23631 --- [kintai] [           main] s.w.s.m.m.a.RequestMappingHandlerAdapter : ControllerAdvice beans: 0 @ModelAttribute, 0 @InitBinder, 1 RequestBodyAdvice, 1 ResponseBodyAdvice
2025-09-18T21:26:14.086+09:00 DEBUG 23631 --- [kintai] [           main] .m.m.a.ExceptionHandlerExceptionResolver : ControllerAdvice beans: 0 @ExceptionHandler, 1 ResponseBodyAdvice
2025-09-18T21:26:14.091+09:00  WARN 23631 --- [kintai] [           main] .s.s.UserDetailsServiceAutoConfiguration : 

Using generated security password: a59b30f0-5b15-4645-801b-7885eb3291c0

This generated password is for development use only. Your security configuration must be updated before running your application in production.

2025-09-18T21:26:14.093+09:00  INFO 23631 --- [kintai] [           main] o.s.s.web.DefaultSecurityFilterChain     : Will secure any request with [org.springframework.security.web.session.DisableEncodeUrlFilter@bf0e435, org.springframework.security.web.context.request.async.WebAsyncManagerIntegrationFilter@6577771, org.springframework.security.web.context.SecurityContextHolderFilter@42bfc11f, org.springframework.security.web.header.HeaderWriterFilter@6c525ee2, org.springframework.web.filter.CorsFilter@2c30848a, org.springframework.security.web.csrf.CsrfFilter@8fa7a01, org.springframework.security.web.authentication.logout.LogoutFilter@5cf81e6e, org.springframework.security.web.authentication.UsernamePasswordAuthenticationFilter@447dd61f, org.springframework.security.web.authentication.ui.DefaultLoginPageGeneratingFilter@dd909bb, org.springframework.security.web.authentication.ui.DefaultLogoutPageGeneratingFilter@2161cc6f, org.springframework.security.web.authentication.www.BasicAuthenticationFilter@15d301f2, org.springframework.security.web.savedrequest.RequestCacheAwareFilter@194e913b, org.springframework.security.web.servletapi.SecurityContextHolderAwareRequestFilter@7382ec67, org.springframework.security.web.authentication.AnonymousAuthenticationFilter@2dbc453a, org.springframework.security.web.access.ExceptionTranslationFilter@5727a03d, org.springframework.security.web.access.intercept.AuthorizationFilter@586ab812]
2025-09-18T21:26:14.095+09:00  INFO 23631 --- [kintai] [           main] o.s.b.t.m.w.SpringBootMockServletContext : Initializing Spring TestDispatcherServlet ''
2025-09-18T21:26:14.095+09:00  INFO 23631 --- [kintai] [           main] o.s.t.web.servlet.TestDispatcherServlet  : Initializing Servlet ''
2025-09-18T21:26:14.095+09:00  INFO 23631 --- [kintai] [           main] o.s.t.web.servlet.TestDispatcherServlet  : Completed initialization in 0 ms
2025-09-18T21:26:14.097+09:00  INFO 23631 --- [kintai] [           main] c.k.c.AttendanceReportControllerTest     : Started AttendanceReportControllerTest in 0.089 seconds (process running for 3.299)
2025-09-18T21:26:14.099+09:00 DEBUG 23631 --- [kintai] [           main] w.c.HttpSessionSecurityContextRepository : Created HttpSession as SecurityContext is non-default
2025-09-18T21:26:14.099+09:00 DEBUG 23631 --- [kintai] [           main] w.c.HttpSessionSecurityContextRepository : Stored SecurityContextImpl [Authentication=UsernamePasswordAuthenticationToken [Principal=org.springframework.security.core.userdetails.User [Username=user, Password=[PROTECTED], Enabled=true, AccountNonExpired=true, CredentialsNonExpired=true, AccountNonLocked=true, Granted Authorities=[ROLE_USER]], Credentials=[PROTECTED], Authenticated=true, Details=null, Granted Authorities=[ROLE_USER]]] to HttpSession [org.springframework.mock.web.MockHttpSession@34468b30]
2025-09-18T21:26:14.099+09:00 DEBUG 23631 --- [kintai] [           main] o.s.security.web.FilterChainProxy        : Securing GET /api/attendance/report/999/2024-01
2025-09-18T21:26:14.099+09:00  WARN 23631 --- [kintai] [           main] o.s.w.s.h.HandlerMappingIntrospector     : Cache miss for REQUEST dispatch to '/api/attendance/report/999/2024-01' (previous null). Performing CorsConfiguration lookup. This is logged once only at WARN level, and every time at TRACE.
2025-09-18T21:26:14.100+09:00 DEBUG 23631 --- [kintai] [           main] w.c.HttpSessionSecurityContextRepository : Retrieved SecurityContextImpl [Authentication=UsernamePasswordAuthenticationToken [Principal=org.springframework.security.core.userdetails.User [Username=user, Password=[PROTECTED], Enabled=true, AccountNonExpired=true, CredentialsNonExpired=true, AccountNonLocked=true, Granted Authorities=[ROLE_USER]], Credentials=[PROTECTED], Authenticated=true, Details=null, Granted Authorities=[ROLE_USER]]]
2025-09-18T21:26:14.100+09:00 DEBUG 23631 --- [kintai] [           main] o.s.security.web.FilterChainProxy        : Secured GET /api/attendance/report/999/2024-01
2025-09-18T21:26:14.100+09:00 DEBUG 23631 --- [kintai] [           main] s.w.s.m.m.a.RequestMappingHandlerMapping : Mapped to com.kintai.controller.AttendanceReportController#generateAttendanceReport(Long, String)
2025-09-18T21:26:14.103+09:00 DEBUG 23631 --- [kintai] [           main] o.s.w.s.m.m.a.HttpEntityMethodProcessor  : Using 'application/octet-stream', given [*/*] and supported [application/octet-stream, */*, application/json, application/*+json]
2025-09-18T21:26:14.103+09:00 DEBUG 23631 --- [kintai] [           main] o.s.w.s.m.m.a.HttpEntityMethodProcessor  : Nothing to write: null body
]]></system-out>
  </testcase>
  <testcase name="generateAttendanceReport_正常系_データがある場合" classname="com.kintai.controller.AttendanceReportControllerTest" time="0.004">
    <system-out><![CDATA[2025-09-18T21:26:14.105+09:00 DEBUG 23631 --- [kintai] [           main] w.c.HttpSessionSecurityContextRepository : Created HttpSession as SecurityContext is non-default
2025-09-18T21:26:14.105+09:00 DEBUG 23631 --- [kintai] [           main] w.c.HttpSessionSecurityContextRepository : Stored SecurityContextImpl [Authentication=UsernamePasswordAuthenticationToken [Principal=org.springframework.security.core.userdetails.User [Username=user, Password=[PROTECTED], Enabled=true, AccountNonExpired=true, CredentialsNonExpired=true, AccountNonLocked=true, Granted Authorities=[ROLE_USER]], Credentials=[PROTECTED], Authenticated=true, Details=null, Granted Authorities=[ROLE_USER]]] to HttpSession [org.springframework.mock.web.MockHttpSession@20df25f8]
2025-09-18T21:26:14.105+09:00 DEBUG 23631 --- [kintai] [           main] o.s.security.web.FilterChainProxy        : Securing GET /api/attendance/report/1/2024-01
2025-09-18T21:26:14.105+09:00 DEBUG 23631 --- [kintai] [           main] w.c.HttpSessionSecurityContextRepository : Retrieved SecurityContextImpl [Authentication=UsernamePasswordAuthenticationToken [Principal=org.springframework.security.core.userdetails.User [Username=user, Password=[PROTECTED], Enabled=true, AccountNonExpired=true, CredentialsNonExpired=true, AccountNonLocked=true, Granted Authorities=[ROLE_USER]], Credentials=[PROTECTED], Authenticated=true, Details=null, Granted Authorities=[ROLE_USER]]]
2025-09-18T21:26:14.105+09:00 DEBUG 23631 --- [kintai] [           main] o.s.security.web.FilterChainProxy        : Secured GET /api/attendance/report/1/2024-01
2025-09-18T21:26:14.105+09:00 DEBUG 23631 --- [kintai] [           main] s.w.s.m.m.a.RequestMappingHandlerMapping : Mapped to com.kintai.controller.AttendanceReportController#generateAttendanceReport(Long, String)
2025-09-18T21:26:14.107+09:00 DEBUG 23631 --- [kintai] [           main] o.s.w.s.m.m.a.HttpEntityMethodProcessor  : Found 'Content-Type:application/pdf' in response
2025-09-18T21:26:14.107+09:00 DEBUG 23631 --- [kintai] [           main] o.s.w.s.m.m.a.HttpEntityMethodProcessor  : Writing [{77, 111, 99, 107, 32, 80, 68, 70, 32, 67, 111, 110, 116, 101, 110, 116}]
]]></system-out>
  </testcase>
  <testcase name="generateAttendanceReport_正常系_データなしの場合" classname="com.kintai.controller.AttendanceReportControllerTest" time="0.002">
    <system-out><![CDATA[2025-09-18T21:26:14.110+09:00 DEBUG 23631 --- [kintai] [           main] w.c.HttpSessionSecurityContextRepository : Created HttpSession as SecurityContext is non-default
2025-09-18T21:26:14.110+09:00 DEBUG 23631 --- [kintai] [           main] w.c.HttpSessionSecurityContextRepository : Stored SecurityContextImpl [Authentication=UsernamePasswordAuthenticationToken [Principal=org.springframework.security.core.userdetails.User [Username=user, Password=[PROTECTED], Enabled=true, AccountNonExpired=true, CredentialsNonExpired=true, AccountNonLocked=true, Granted Authorities=[ROLE_USER]], Credentials=[PROTECTED], Authenticated=true, Details=null, Granted Authorities=[ROLE_USER]]] to HttpSession [org.springframework.mock.web.MockHttpSession@7dea9ff9]
2025-09-18T21:26:14.110+09:00 DEBUG 23631 --- [kintai] [           main] o.s.security.web.FilterChainProxy        : Securing GET /api/attendance/report/1/2024-01
2025-09-18T21:26:14.110+09:00 DEBUG 23631 --- [kintai] [           main] w.c.HttpSessionSecurityContextRepository : Retrieved SecurityContextImpl [Authentication=UsernamePasswordAuthenticationToken [Principal=org.springframework.security.core.userdetails.User [Username=user, Password=[PROTECTED], Enabled=true, AccountNonExpired=true, CredentialsNonExpired=true, AccountNonLocked=true, Granted Authorities=[ROLE_USER]], Credentials=[PROTECTED], Authenticated=true, Details=null, Granted Authorities=[ROLE_USER]]]
2025-09-18T21:26:14.110+09:00 DEBUG 23631 --- [kintai] [           main] o.s.security.web.FilterChainProxy        : Secured GET /api/attendance/report/1/2024-01
2025-09-18T21:26:14.110+09:00 DEBUG 23631 --- [kintai] [           main] s.w.s.m.m.a.RequestMappingHandlerMapping : Mapped to com.kintai.controller.AttendanceReportController#generateAttendanceReport(Long, String)
2025-09-18T21:26:14.110+09:00 DEBUG 23631 --- [kintai] [           main] o.s.w.s.m.m.a.HttpEntityMethodProcessor  : Found 'Content-Type:application/pdf' in response
2025-09-18T21:26:14.110+09:00 DEBUG 23631 --- [kintai] [           main] o.s.w.s.m.m.a.HttpEntityMethodProcessor  : Writing [{77, 111, 99, 107, 32, 80, 68, 70, 32, 67, 111, 110, 116, 101, 110, 116, 32, 45, 32, 78, 111, 32, 68 (truncated)...]
]]></system-out>
  </testcase>
  <testcase name="generateAttendanceReport_異常系_従業員IDが数値でない場合" classname="com.kintai.controller.AttendanceReportControllerTest" time="0.003">
    <system-out><![CDATA[2025-09-18T21:26:14.112+09:00 DEBUG 23631 --- [kintai] [           main] w.c.HttpSessionSecurityContextRepository : Created HttpSession as SecurityContext is non-default
2025-09-18T21:26:14.112+09:00 DEBUG 23631 --- [kintai] [           main] w.c.HttpSessionSecurityContextRepository : Stored SecurityContextImpl [Authentication=UsernamePasswordAuthenticationToken [Principal=org.springframework.security.core.userdetails.User [Username=user, Password=[PROTECTED], Enabled=true, AccountNonExpired=true, CredentialsNonExpired=true, AccountNonLocked=true, Granted Authorities=[ROLE_USER]], Credentials=[PROTECTED], Authenticated=true, Details=null, Granted Authorities=[ROLE_USER]]] to HttpSession [org.springframework.mock.web.MockHttpSession@747c1f84]
2025-09-18T21:26:14.112+09:00 DEBUG 23631 --- [kintai] [           main] o.s.security.web.FilterChainProxy        : Securing GET /api/attendance/report/invalid/2024-01
2025-09-18T21:26:14.112+09:00 DEBUG 23631 --- [kintai] [           main] w.c.HttpSessionSecurityContextRepository : Retrieved SecurityContextImpl [Authentication=UsernamePasswordAuthenticationToken [Principal=org.springframework.security.core.userdetails.User [Username=user, Password=[PROTECTED], Enabled=true, AccountNonExpired=true, CredentialsNonExpired=true, AccountNonLocked=true, Granted Authorities=[ROLE_USER]], Credentials=[PROTECTED], Authenticated=true, Details=null, Granted Authorities=[ROLE_USER]]]
2025-09-18T21:26:14.112+09:00 DEBUG 23631 --- [kintai] [           main] o.s.security.web.FilterChainProxy        : Secured GET /api/attendance/report/invalid/2024-01
2025-09-18T21:26:14.112+09:00 DEBUG 23631 --- [kintai] [           main] s.w.s.m.m.a.RequestMappingHandlerMapping : Mapped to com.kintai.controller.AttendanceReportController#generateAttendanceReport(Long, String)
2025-09-18T21:26:14.113+09:00 DEBUG 23631 --- [kintai] [           main] o.s.web.method.HandlerMethod             : Could not resolve parameter [0] in public org.springframework.http.ResponseEntity<byte[]> com.kintai.controller.AttendanceReportController.generateAttendanceReport(java.lang.Long,java.lang.String): Failed to convert value of type 'java.lang.String' to required type 'java.lang.Long'; For input string: "invalid"
2025-09-18T21:26:14.113+09:00  WARN 23631 --- [kintai] [           main] .w.s.m.s.DefaultHandlerExceptionResolver : Resolved [org.springframework.web.method.annotation.MethodArgumentTypeMismatchException: Failed to convert value of type 'java.lang.String' to required type 'java.lang.Long'; For input string: "invalid"]
]]></system-out>
  </testcase>
  <testcase name="generateAttendanceReport_異常系_年月フォーマットが空の場合" classname="com.kintai.controller.AttendanceReportControllerTest" time="0.004">
    <system-out><![CDATA[2025-09-18T21:26:14.115+09:00 DEBUG 23631 --- [kintai] [           main] w.c.HttpSessionSecurityContextRepository : Created HttpSession as SecurityContext is non-default
2025-09-18T21:26:14.115+09:00 DEBUG 23631 --- [kintai] [           main] w.c.HttpSessionSecurityContextRepository : Stored SecurityContextImpl [Authentication=UsernamePasswordAuthenticationToken [Principal=org.springframework.security.core.userdetails.User [Username=user, Password=[PROTECTED], Enabled=true, AccountNonExpired=true, CredentialsNonExpired=true, AccountNonLocked=true, Granted Authorities=[ROLE_USER]], Credentials=[PROTECTED], Authenticated=true, Details=null, Granted Authorities=[ROLE_USER]]] to HttpSession [org.springframework.mock.web.MockHttpSession@475f141a]
2025-09-18T21:26:14.115+09:00 DEBUG 23631 --- [kintai] [           main] o.s.security.web.FilterChainProxy        : Securing GET /api/attendance/report/1/
2025-09-18T21:26:14.115+09:00 DEBUG 23631 --- [kintai] [           main] w.c.HttpSessionSecurityContextRepository : Retrieved SecurityContextImpl [Authentication=UsernamePasswordAuthenticationToken [Principal=org.springframework.security.core.userdetails.User [Username=user, Password=[PROTECTED], Enabled=true, AccountNonExpired=true, CredentialsNonExpired=true, AccountNonLocked=true, Granted Authorities=[ROLE_USER]], Credentials=[PROTECTED], Authenticated=true, Details=null, Granted Authorities=[ROLE_USER]]]
2025-09-18T21:26:14.115+09:00 DEBUG 23631 --- [kintai] [           main] o.s.security.web.FilterChainProxy        : Secured GET /api/attendance/report/1/
2025-09-18T21:26:14.116+09:00 DEBUG 23631 --- [kintai] [           main] o.s.w.s.handler.SimpleUrlHandlerMapping  : Mapped to ResourceHttpRequestHandler [classpath [META-INF/resources/], classpath [resources/], classpath [static/], classpath [public/], ServletContext [/]]
2025-09-18T21:26:14.117+09:00 DEBUG 23631 --- [kintai] [           main] o.s.w.s.r.ResourceHttpRequestHandler     : Resource not found
2025-09-18T21:26:14.117+09:00 DEBUG 23631 --- [kintai] [           main] .w.s.m.s.DefaultHandlerExceptionResolver : Resolved [org.springframework.web.servlet.resource.NoResourceFoundException: No static resource api/attendance/report/1.]
]]></system-out>
  </testcase>
  <testcase name="generateAttendanceReport_異常系_年月フォーマットが不正な場合" classname="com.kintai.controller.AttendanceReportControllerTest" time="0.002">
    <system-out><![CDATA[2025-09-18T21:26:14.119+09:00 DEBUG 23631 --- [kintai] [           main] w.c.HttpSessionSecurityContextRepository : Created HttpSession as SecurityContext is non-default
2025-09-18T21:26:14.119+09:00 DEBUG 23631 --- [kintai] [           main] w.c.HttpSessionSecurityContextRepository : Stored SecurityContextImpl [Authentication=UsernamePasswordAuthenticationToken [Principal=org.springframework.security.core.userdetails.User [Username=user, Password=[PROTECTED], Enabled=true, AccountNonExpired=true, CredentialsNonExpired=true, AccountNonLocked=true, Granted Authorities=[ROLE_USER]], Credentials=[PROTECTED], Authenticated=true, Details=null, Granted Authorities=[ROLE_USER]]] to HttpSession [org.springframework.mock.web.MockHttpSession@ce5417f]
2025-09-18T21:26:14.119+09:00 DEBUG 23631 --- [kintai] [           main] o.s.security.web.FilterChainProxy        : Securing GET /api/attendance/report/1/invalid-format
2025-09-18T21:26:14.120+09:00 DEBUG 23631 --- [kintai] [           main] w.c.HttpSessionSecurityContextRepository : Retrieved SecurityContextImpl [Authentication=UsernamePasswordAuthenticationToken [Principal=org.springframework.security.core.userdetails.User [Username=user, Password=[PROTECTED], Enabled=true, AccountNonExpired=true, CredentialsNonExpired=true, AccountNonLocked=true, Granted Authorities=[ROLE_USER]], Credentials=[PROTECTED], Authenticated=true, Details=null, Granted Authorities=[ROLE_USER]]]
2025-09-18T21:26:14.120+09:00 DEBUG 23631 --- [kintai] [           main] o.s.security.web.FilterChainProxy        : Secured GET /api/attendance/report/1/invalid-format
2025-09-18T21:26:14.120+09:00 DEBUG 23631 --- [kintai] [           main] s.w.s.m.m.a.RequestMappingHandlerMapping : Mapped to com.kintai.controller.AttendanceReportController#generateAttendanceReport(Long, String)
2025-09-18T21:26:14.120+09:00 DEBUG 23631 --- [kintai] [           main] o.s.w.s.m.m.a.HttpEntityMethodProcessor  : Using 'application/octet-stream', given [*/*] and supported [application/octet-stream, */*, application/json, application/*+json]
2025-09-18T21:26:14.120+09:00 DEBUG 23631 --- [kintai] [           main] o.s.w.s.m.m.a.HttpEntityMethodProcessor  : Nothing to write: null body
]]></system-out>
  </testcase>
</testsuite>