<?xml version="1.0" encoding="UTF-8"?>
<testsuite xmlns:xsi="http://www.w3.org/2001/XMLSchema-instance" xsi:noNamespaceSchemaLocation="https://maven.apache.org/surefire/maven-surefire-plugin/xsd/surefire-test-report-3.0.xsd" version="3.0" name="com.kintai.controller.VacationControllerTest" time="0.384" tests="10" errors="0" skipped="0" failures="0">
  <properties>
[...]
</properties>
  <testcase name="testUpdateVacationStatus_Success_Approved" classname="com.kintai.controller.VacationControllerTest" time="0.067">
    <system-out><![CDATA[2025-09-18T21:26:13.174+09:00  INFO 23631 --- [kintai-test] [           main] t.c.s.AnnotationConfigContextLoaderUtils : Could not detect default configuration classes for test class [com.kintai.controller.VacationControllerTest]: VacationControllerTest does not declare any static, non-private, non-final, nested classes annotated with @Configuration.
2025-09-18T21:26:13.186+09:00  INFO 23631 --- [kintai-test] [           main] .b.t.c.SpringBootTestContextBootstrapper : Found @SpringBootConfiguration com.kintai.KintaiApplication for test class com.kintai.controller.VacationControllerTest

  .   ____          _            __ _ _
 /\\ / ___'_ __ _ _(_)_ __  __ _ \ \ \ \
( ( )\___ | '_ | '_| | '_ \/ _` | \ \ \ \
 \\/  ___)| |_)| | | | | || (_| |  ) ) ) )
  '  |____| .__|_| |_|_| |_\__, | / / / /
 =========|_|==============|___/=/_/_/_/
 :: Spring Boot ::                (v3.2.0)

2025-09-18T21:26:13.201+09:00  INFO 23631 --- [kintai] [           main] c.k.controller.VacationControllerTest    : Starting VacationControllerTest using Java 17.0.16 with PID 23631 (started by keigofujita in /Users/keigofujita/kintai)
2025-09-18T21:26:13.201+09:00 DEBUG 23631 --- [kintai] [           main] c.k.controller.VacationControllerTest    : Running with Spring Boot v3.2.0, Spring v6.1.1
2025-09-18T21:26:13.201+09:00  INFO 23631 --- [kintai] [           main] c.k.controller.VacationControllerTest    : No active profile set, falling back to 1 default profile: "default"
2025-09-18T21:26:13.202+09:00 DEBUG 23631 --- [kintai] [           main] o.s.w.c.s.GenericWebApplicationContext   : Refreshing org.springframework.web.context.support.GenericWebApplicationContext@6c524a7f
2025-09-18T21:26:13.304+09:00  WARN 23631 --- [kintai] [           main] .s.s.UserDetailsServiceAutoConfiguration : 

Using generated security password: 025172eb-7a38-4b2d-9a09-b5e122a58579

This generated password is for development use only. Your security configuration must be updated before running your application in production.

2025-09-18T21:26:13.339+09:00  INFO 23631 --- [kintai] [           main] o.s.b.a.w.s.WelcomePageHandlerMapping    : Adding welcome page: class path resource [static/index.html]
2025-09-18T21:26:13.356+09:00 DEBUG 23631 --- [kintai] [           main] s.w.s.m.m.a.RequestMappingHandlerMapping : 6 mappings in 'requestMappingHandlerMapping'
2025-09-18T21:26:13.386+09:00 DEBUG 23631 --- [kintai] [           main] o.s.w.s.handler.SimpleUrlHandlerMapping  : Patterns [/webjars/**, /**] in 'resourceHandlerMapping'
2025-09-18T21:26:13.387+09:00  INFO 23631 --- [kintai] [           main] o.s.s.web.DefaultSecurityFilterChain     : Will secure any request with [org.springframework.security.web.session.DisableEncodeUrlFilter@33742179, org.springframework.security.web.context.request.async.WebAsyncManagerIntegrationFilter@6ca1c156, org.springframework.security.web.context.SecurityContextHolderFilter@549561ab, org.springframework.security.web.header.HeaderWriterFilter@6fb87b73, org.springframework.web.filter.CorsFilter@521f2a23, org.springframework.security.web.authentication.logout.LogoutFilter@38300447, org.springframework.security.web.savedrequest.RequestCacheAwareFilter@1bd98c48, org.springframework.security.web.servletapi.SecurityContextHolderAwareRequestFilter@5d9ccad2, org.springframework.security.web.authentication.AnonymousAuthenticationFilter@228ed68c, org.springframework.security.web.access.ExceptionTranslationFilter@5b8e2ea7, org.springframework.security.web.access.intercept.AuthorizationFilter@38f0de07]
2025-09-18T21:26:13.411+09:00 DEBUG 23631 --- [kintai] [           main] s.w.s.m.m.a.RequestMappingHandlerAdapter : ControllerAdvice beans: 0 @ModelAttribute, 0 @InitBinder, 1 RequestBodyAdvice, 1 ResponseBodyAdvice
2025-09-18T21:26:13.421+09:00 DEBUG 23631 --- [kintai] [           main] .m.m.a.ExceptionHandlerExceptionResolver : ControllerAdvice beans: 0 @ExceptionHandler, 1 ResponseBodyAdvice
2025-09-18T21:26:13.444+09:00  INFO 23631 --- [kintai] [           main] o.s.b.t.m.w.SpringBootMockServletContext : Initializing Spring TestDispatcherServlet ''
2025-09-18T21:26:13.444+09:00  INFO 23631 --- [kintai] [           main] o.s.t.web.servlet.TestDispatcherServlet  : Initializing Servlet ''
2025-09-18T21:26:13.445+09:00  INFO 23631 --- [kintai] [           main] o.s.t.web.servlet.TestDispatcherServlet  : Completed initialization in 1 ms
2025-09-18T21:26:13.450+09:00  INFO 23631 --- [kintai] [           main] c.k.controller.VacationControllerTest    : Started VacationControllerTest in 0.261 seconds (process running for 2.652)
2025-09-18T21:26:13.464+09:00  WARN 23631 --- [kintai] [           main] o.s.w.s.h.HandlerMappingIntrospector     : Cache miss for REQUEST dispatch to '/api/vacation/1/status' (previous null). Performing CorsConfiguration lookup. This is logged once only at WARN level, and every time at TRACE.
2025-09-18T21:26:13.468+09:00 DEBUG 23631 --- [kintai] [           main] s.w.s.m.m.a.RequestMappingHandlerMapping : Mapped to com.kintai.controller.VacationController#updateVacationStatus(Long, StatusUpdateRequest)
2025-09-18T21:26:13.493+09:00 DEBUG 23631 --- [kintai] [           main] m.m.a.RequestResponseBodyMethodProcessor : Read "application/json;charset=UTF-8" to [com.kintai.controller.VacationController$StatusUpdateRequest@4567dcbc]
2025-09-18T21:26:13.502+09:00 DEBUG 23631 --- [kintai] [           main] o.s.w.s.m.m.a.HttpEntityMethodProcessor  : Using 'application/json', given [*/*] and supported [application/json, application/*+json]
2025-09-18T21:26:13.503+09:00 DEBUG 23631 --- [kintai] [           main] o.s.w.s.m.m.a.HttpEntityMethodProcessor  : Writing [com.kintai.dto.VacationRequestDto@3db8bbbe]
]]></system-out>
  </testcase>
  <testcase name="testCreateVacationRequest_InternalError" classname="com.kintai.controller.VacationControllerTest" time="0.006">
    <system-out><![CDATA[2025-09-18T21:26:13.523+09:00 DEBUG 23631 --- [kintai] [           main] s.w.s.m.m.a.RequestMappingHandlerMapping : Mapped to com.kintai.controller.VacationController#createVacationRequest(VacationRequestRequest)
2025-09-18T21:26:13.524+09:00 DEBUG 23631 --- [kintai] [           main] m.m.a.RequestResponseBodyMethodProcessor : Read "application/json;charset=UTF-8" to [com.kintai.controller.VacationController$VacationRequestRequest@2f1e3e1c]
2025-09-18T21:26:13.526+09:00 DEBUG 23631 --- [kintai] [           main] o.s.w.s.m.m.a.HttpEntityMethodProcessor  : Using 'application/json', given [*/*] and supported [application/json, application/*+json]
2025-09-18T21:26:13.526+09:00 DEBUG 23631 --- [kintai] [           main] o.s.w.s.m.m.a.HttpEntityMethodProcessor  : Writing [com.kintai.dto.VacationRequestDto@4d484eda]
]]></system-out>
  </testcase>
  <testcase name="testCreateVacationRequest_RetiredEmployee" classname="com.kintai.controller.VacationControllerTest" time="0.003">
    <system-out><![CDATA[2025-09-18T21:26:13.528+09:00 DEBUG 23631 --- [kintai] [           main] s.w.s.m.m.a.RequestMappingHandlerMapping : Mapped to com.kintai.controller.VacationController#createVacationRequest(VacationRequestRequest)
2025-09-18T21:26:13.529+09:00 DEBUG 23631 --- [kintai] [           main] m.m.a.RequestResponseBodyMethodProcessor : Read "application/json;charset=UTF-8" to [com.kintai.controller.VacationController$VacationRequestRequest@c2a7ded]
2025-09-18T21:26:13.529+09:00 DEBUG 23631 --- [kintai] [           main] o.s.w.s.m.m.a.HttpEntityMethodProcessor  : Using 'application/json', given [*/*] and supported [application/json, application/*+json]
2025-09-18T21:26:13.529+09:00 DEBUG 23631 --- [kintai] [           main] o.s.w.s.m.m.a.HttpEntityMethodProcessor  : Writing [com.kintai.dto.VacationRequestDto@16344151]
]]></system-out>
  </testcase>
  <testcase name="testCreateVacationRequest_DuplicateRequest" classname="com.kintai.controller.VacationControllerTest" time="0.003">
    <system-out><![CDATA[2025-09-18T21:26:13.532+09:00 DEBUG 23631 --- [kintai] [           main] s.w.s.m.m.a.RequestMappingHandlerMapping : Mapped to com.kintai.controller.VacationController#createVacationRequest(VacationRequestRequest)
2025-09-18T21:26:13.532+09:00 DEBUG 23631 --- [kintai] [           main] m.m.a.RequestResponseBodyMethodProcessor : Read "application/json;charset=UTF-8" to [com.kintai.controller.VacationController$VacationRequestRequest@402e48d]
2025-09-18T21:26:13.533+09:00 DEBUG 23631 --- [kintai] [           main] o.s.w.s.m.m.a.HttpEntityMethodProcessor  : Using 'application/json', given [*/*] and supported [application/json, application/*+json]
2025-09-18T21:26:13.533+09:00 DEBUG 23631 --- [kintai] [           main] o.s.w.s.m.m.a.HttpEntityMethodProcessor  : Writing [com.kintai.dto.VacationRequestDto@6d89f87d]
]]></system-out>
  </testcase>
  <testcase name="testCreateVacationRequest_InvalidDateRange" classname="com.kintai.controller.VacationControllerTest" time="0.002">
    <system-out><![CDATA[2025-09-18T21:26:13.535+09:00 DEBUG 23631 --- [kintai] [           main] s.w.s.m.m.a.RequestMappingHandlerMapping : Mapped to com.kintai.controller.VacationController#createVacationRequest(VacationRequestRequest)
2025-09-18T21:26:13.535+09:00 DEBUG 23631 --- [kintai] [           main] m.m.a.RequestResponseBodyMethodProcessor : Read "application/json;charset=UTF-8" to [com.kintai.controller.VacationController$VacationRequestRequest@106361e9]
2025-09-18T21:26:13.536+09:00 DEBUG 23631 --- [kintai] [           main] o.s.w.s.m.m.a.HttpEntityMethodProcessor  : Using 'application/json', given [*/*] and supported [application/json, application/*+json]
2025-09-18T21:26:13.536+09:00 DEBUG 23631 --- [kintai] [           main] o.s.w.s.m.m.a.HttpEntityMethodProcessor  : Writing [com.kintai.dto.VacationRequestDto@497f0cb2]
]]></system-out>
  </testcase>
  <testcase name="testUpdateVacationStatus_VacationNotFound" classname="com.kintai.controller.VacationControllerTest" time="0.003">
    <system-out><![CDATA[2025-09-18T21:26:13.538+09:00 DEBUG 23631 --- [kintai] [           main] s.w.s.m.m.a.RequestMappingHandlerMapping : Mapped to com.kintai.controller.VacationController#updateVacationStatus(Long, StatusUpdateRequest)
2025-09-18T21:26:13.538+09:00 DEBUG 23631 --- [kintai] [           main] m.m.a.RequestResponseBodyMethodProcessor : Read "application/json;charset=UTF-8" to [com.kintai.controller.VacationController$StatusUpdateRequest@73605fde]
2025-09-18T21:26:13.538+09:00 DEBUG 23631 --- [kintai] [           main] o.s.w.s.m.m.a.HttpEntityMethodProcessor  : Using 'application/json', given [*/*] and supported [application/json, application/*+json]
2025-09-18T21:26:13.538+09:00 DEBUG 23631 --- [kintai] [           main] o.s.w.s.m.m.a.HttpEntityMethodProcessor  : Writing [com.kintai.dto.VacationRequestDto@109a5573]
]]></system-out>
  </testcase>
  <testcase name="testUpdateVacationStatus_InvalidStatus" classname="com.kintai.controller.VacationControllerTest" time="0.002">
    <system-out><![CDATA[2025-09-18T21:26:13.541+09:00 DEBUG 23631 --- [kintai] [           main] s.w.s.m.m.a.RequestMappingHandlerMapping : Mapped to com.kintai.controller.VacationController#updateVacationStatus(Long, StatusUpdateRequest)
2025-09-18T21:26:13.541+09:00 DEBUG 23631 --- [kintai] [           main] m.m.a.RequestResponseBodyMethodProcessor : Read "application/json;charset=UTF-8" to [com.kintai.controller.VacationController$StatusUpdateRequest@4dc34411]
2025-09-18T21:26:13.541+09:00 DEBUG 23631 --- [kintai] [           main] o.s.w.s.m.m.a.HttpEntityMethodProcessor  : Using 'application/json', given [*/*] and supported [application/json, application/*+json]
2025-09-18T21:26:13.541+09:00 DEBUG 23631 --- [kintai] [           main] o.s.w.s.m.m.a.HttpEntityMethodProcessor  : Writing [com.kintai.dto.VacationRequestDto@b69be74]
]]></system-out>
  </testcase>
  <testcase name="testUpdateVacationStatus_Success_Rejected" classname="com.kintai.controller.VacationControllerTest" time="0.002">
    <system-out><![CDATA[2025-09-18T21:26:13.544+09:00 DEBUG 23631 --- [kintai] [           main] s.w.s.m.m.a.RequestMappingHandlerMapping : Mapped to com.kintai.controller.VacationController#updateVacationStatus(Long, StatusUpdateRequest)
2025-09-18T21:26:13.544+09:00 DEBUG 23631 --- [kintai] [           main] m.m.a.RequestResponseBodyMethodProcessor : Read "application/json;charset=UTF-8" to [com.kintai.controller.VacationController$StatusUpdateRequest@54e24511]
2025-09-18T21:26:13.544+09:00 DEBUG 23631 --- [kintai] [           main] o.s.w.s.m.m.a.HttpEntityMethodProcessor  : Using 'application/json', given [*/*] and supported [application/json, application/*+json]
2025-09-18T21:26:13.544+09:00 DEBUG 23631 --- [kintai] [           main] o.s.w.s.m.m.a.HttpEntityMethodProcessor  : Writing [com.kintai.dto.VacationRequestDto@5eea8854]
]]></system-out>
  </testcase>
  <testcase name="testGetVacationRequests" classname="com.kintai.controller.VacationControllerTest" time="0.006">
    <system-out><![CDATA[2025-09-18T21:26:13.547+09:00 DEBUG 23631 --- [kintai] [           main] s.w.s.m.m.a.RequestMappingHandlerMapping : Mapped to com.kintai.controller.VacationController#getVacationRequests(Long)
2025-09-18T21:26:13.548+09:00 DEBUG 23631 --- [kintai] [           main] o.s.w.s.m.m.a.HttpEntityMethodProcessor  : Using 'application/json', given [*/*] and supported [application/json, application/*+json]
2025-09-18T21:26:13.548+09:00 DEBUG 23631 --- [kintai] [           main] o.s.w.s.m.m.a.HttpEntityMethodProcessor  : Writing [[com.kintai.entity.VacationRequest@1925be93]]
]]></system-out>
  </testcase>
  <testcase name="testCreateVacationRequest_Success" classname="com.kintai.controller.VacationControllerTest" time="0.004">
    <system-out><![CDATA[2025-09-18T21:26:13.554+09:00 DEBUG 23631 --- [kintai] [           main] s.w.s.m.m.a.RequestMappingHandlerMapping : Mapped to com.kintai.controller.VacationController#createVacationRequest(VacationRequestRequest)
2025-09-18T21:26:13.554+09:00 DEBUG 23631 --- [kintai] [           main] m.m.a.RequestResponseBodyMethodProcessor : Read "application/json;charset=UTF-8" to [com.kintai.controller.VacationController$VacationRequestRequest@721fbae2]
2025-09-18T21:26:13.555+09:00 DEBUG 23631 --- [kintai] [           main] o.s.w.s.m.m.a.HttpEntityMethodProcessor  : Using 'application/json', given [*/*] and supported [application/json, application/*+json]
2025-09-18T21:26:13.555+09:00 DEBUG 23631 --- [kintai] [           main] o.s.w.s.m.m.a.HttpEntityMethodProcessor  : Writing [com.kintai.dto.VacationRequestDto@56c278bf]
]]></system-out>
  </testcase>
</testsuite>